### Start Mon May 16 14:00:01 2016
# /opt/oracle/solarisstudio12.4/bin/../bin/amd64/er_archive -nA -O /zhome/14/2/64409/Courses/lsm/project/distributed_nmf/collect_dnmf_exec_2814266.er/M_r18.er/er_archive.log /zhome/14/2/64409/Courses/lsm/project/distributed_nmf/collect_dnmf_exec_2814266.er/M_r18.er
Copying `/zhome/14/2/64409/Courses/lsm/project/distributed_nmf/dnmf_exec'
  to `/zhome/14/2/64409/Courses/lsm/project/distributed_nmf/collect_dnmf_exec_2814266.er/archives/3820706795'
Copying `/usr/lib64/libnuma.so.1'
  to `/zhome/14/2/64409/Courses/lsm/project/distributed_nmf/collect_dnmf_exec_2814266.er/archives/2010645300'
Copying `/lib64/libc-2.12.so'
  to `/zhome/14/2/64409/Courses/lsm/project/distributed_nmf/collect_dnmf_exec_2814266.er/archives/4231939754'
Copying `/lib64/libpthread-2.12.so'
  to `/zhome/14/2/64409/Courses/lsm/project/distributed_nmf/collect_dnmf_exec_2814266.er/archives/75635924'
Copying `/lib64/libutil-2.12.so'
  to `/zhome/14/2/64409/Courses/lsm/project/distributed_nmf/collect_dnmf_exec_2814266.er/archives/296301031'
Copying `/lib64/libnsl-2.12.so'
  to `/zhome/14/2/64409/Courses/lsm/project/distributed_nmf/collect_dnmf_exec_2814266.er/archives/4277011316'
Copying `/lib64/librt-2.12.so'
  to `/zhome/14/2/64409/Courses/lsm/project/distributed_nmf/collect_dnmf_exec_2814266.er/archives/2340664498'
Copying `/lib64/libm-2.12.so'
  to `/zhome/14/2/64409/Courses/lsm/project/distributed_nmf/collect_dnmf_exec_2814266.er/archives/3509321724'
Copying `/lib64/libdl-2.12.so'
  to `/zhome/14/2/64409/Courses/lsm/project/distributed_nmf/collect_dnmf_exec_2814266.er/archives/2713967003'
Copying `/opt/openmpi/1.6.5/sun/lib/libmpi.so.1.0.8'
  to `/zhome/14/2/64409/Courses/lsm/project/distributed_nmf/collect_dnmf_exec_2814266.er/archives/892903263'
Copying `/opt/openmpi/1.6.5/sun/lib/openmpi/mca_coll_sm.so'
  to `/zhome/14/2/64409/Courses/lsm/project/distributed_nmf/collect_dnmf_exec_2814266.er/archives/3897343638'
Copying `/opt/openmpi/1.6.5/sun/lib/openmpi/mca_osc_rdma.so'
  to `/zhome/14/2/64409/Courses/lsm/project/distributed_nmf/collect_dnmf_exec_2814266.er/archives/1037745249'
