### Start Mon May 16 14:00:01 2016
# /opt/oracle/solarisstudio12.4/bin/../bin/amd64/er_archive -nA -O /zhome/14/2/64409/Courses/lsm/project/distributed_nmf/collect_dnmf_exec_2814266.er/M_r6.er/er_archive.log /zhome/14/2/64409/Courses/lsm/project/distributed_nmf/collect_dnmf_exec_2814266.er/M_r6.er
Copying `/usr/lib64/libnuma.so.1'
  to `/zhome/14/2/64409/Courses/lsm/project/distributed_nmf/collect_dnmf_exec_2814266.er/archives/1250245934'
Copying `/opt/oracle/solarisstudio12.4/lib/analyzer/amd64/runtime/libcollector.so'
  to `/zhome/14/2/64409/Courses/lsm/project/distributed_nmf/collect_dnmf_exec_2814266.er/archives/1308324286'
Copying `/opt/oracle/solarisstudio12.4/lib/analyzer/amd64/runtime/er_mpview_OPENMPI.so'
  to `/zhome/14/2/64409/Courses/lsm/project/distributed_nmf/collect_dnmf_exec_2814266.er/archives/153055296'
Copying `/lib64/ld-2.12.so'
  to `/zhome/14/2/64409/Courses/lsm/project/distributed_nmf/collect_dnmf_exec_2814266.er/archives/1329107878'
Copying `/opt/openmpi/1.6.5/sun/lib/openmpi/mca_paffinity_hwloc.so'
  to `/zhome/14/2/64409/Courses/lsm/project/distributed_nmf/collect_dnmf_exec_2814266.er/archives/796744606'
Copying `/opt/openmpi/1.6.5/sun/lib/openmpi/mca_carto_auto_detect.so'
  to `/zhome/14/2/64409/Courses/lsm/project/distributed_nmf/collect_dnmf_exec_2814266.er/archives/3871804177'
Copying `/opt/openmpi/1.6.5/sun/lib/openmpi/mca_carto_file.so'
  to `/zhome/14/2/64409/Courses/lsm/project/distributed_nmf/collect_dnmf_exec_2814266.er/archives/439032063'
Copying `/opt/openmpi/1.6.5/sun/lib/openmpi/mca_shmem_mmap.so'
  to `/zhome/14/2/64409/Courses/lsm/project/distributed_nmf/collect_dnmf_exec_2814266.er/archives/2457267809'
Copying `/opt/openmpi/1.6.5/sun/lib/openmpi/mca_shmem_posix.so'
  to `/zhome/14/2/64409/Courses/lsm/project/distributed_nmf/collect_dnmf_exec_2814266.er/archives/1944871806'
Copying `/opt/openmpi/1.6.5/sun/lib/openmpi/mca_shmem_sysv.so'
  to `/zhome/14/2/64409/Courses/lsm/project/distributed_nmf/collect_dnmf_exec_2814266.er/archives/3393024401'
Copying `/opt/openmpi/1.6.5/sun/lib/openmpi/mca_ess_env.so'
  to `/zhome/14/2/64409/Courses/lsm/project/distributed_nmf/collect_dnmf_exec_2814266.er/archives/3082927629'
Copying `/opt/openmpi/1.6.5/sun/lib/openmpi/mca_rml_oob.so'
  to `/zhome/14/2/64409/Courses/lsm/project/distributed_nmf/collect_dnmf_exec_2814266.er/archives/3196900670'
Copying `/opt/openmpi/1.6.5/sun/lib/openmpi/mca_oob_tcp.so'
  to `/zhome/14/2/64409/Courses/lsm/project/distributed_nmf/collect_dnmf_exec_2814266.er/archives/3060312002'
Copying `/opt/openmpi/1.6.5/sun/lib/openmpi/mca_routed_binomial.so'
  to `/zhome/14/2/64409/Courses/lsm/project/distributed_nmf/collect_dnmf_exec_2814266.er/archives/1658128865'
Copying `/opt/openmpi/1.6.5/sun/lib/openmpi/mca_routed_cm.so'
  to `/zhome/14/2/64409/Courses/lsm/project/distributed_nmf/collect_dnmf_exec_2814266.er/archives/1313119087'
Copying `/opt/openmpi/1.6.5/sun/lib/openmpi/mca_routed_direct.so'
  to `/zhome/14/2/64409/Courses/lsm/project/distributed_nmf/collect_dnmf_exec_2814266.er/archives/2082014626'
Copying `/opt/openmpi/1.6.5/sun/lib/openmpi/mca_routed_linear.so'
  to `/zhome/14/2/64409/Courses/lsm/project/distributed_nmf/collect_dnmf_exec_2814266.er/archives/3031938268'
Copying `/opt/openmpi/1.6.5/sun/lib/openmpi/mca_routed_radix.so'
  to `/zhome/14/2/64409/Courses/lsm/project/distributed_nmf/collect_dnmf_exec_2814266.er/archives/3921427311'
Copying `/opt/openmpi/1.6.5/sun/lib/openmpi/mca_routed_slave.so'
  to `/zhome/14/2/64409/Courses/lsm/project/distributed_nmf/collect_dnmf_exec_2814266.er/archives/546713749'
Copying `/opt/openmpi/1.6.5/sun/lib/openmpi/mca_grpcomm_bad.so'
  to `/zhome/14/2/64409/Courses/lsm/project/distributed_nmf/collect_dnmf_exec_2814266.er/archives/1157483557'
Copying `/opt/openmpi/1.6.5/sun/lib/openmpi/mca_grpcomm_basic.so'
  to `/zhome/14/2/64409/Courses/lsm/project/distributed_nmf/collect_dnmf_exec_2814266.er/archives/3708610840'
Copying `/opt/openmpi/1.6.5/sun/lib/openmpi/mca_grpcomm_hier.so'
  to `/zhome/14/2/64409/Courses/lsm/project/distributed_nmf/collect_dnmf_exec_2814266.er/archives/2966868088'
Copying `/opt/openmpi/1.6.5/sun/lib/openmpi/mca_notifier_command.so'
  to `/zhome/14/2/64409/Courses/lsm/project/distributed_nmf/collect_dnmf_exec_2814266.er/archives/3299414369'
Copying `/opt/openmpi/1.6.5/sun/lib/openmpi/mca_notifier_syslog.so'
  to `/zhome/14/2/64409/Courses/lsm/project/distributed_nmf/collect_dnmf_exec_2814266.er/archives/1005240523'
Copying `/opt/openmpi/1.6.5/sun/lib/openmpi/mca_allocator_basic.so'
  to `/zhome/14/2/64409/Courses/lsm/project/distributed_nmf/collect_dnmf_exec_2814266.er/archives/3287968686'
Copying `/opt/openmpi/1.6.5/sun/lib/openmpi/mca_allocator_bucket.so'
  to `/zhome/14/2/64409/Courses/lsm/project/distributed_nmf/collect_dnmf_exec_2814266.er/archives/2597633177'
Copying `/opt/openmpi/1.6.5/sun/lib/openmpi/mca_rcache_vma.so'
  to `/zhome/14/2/64409/Courses/lsm/project/distributed_nmf/collect_dnmf_exec_2814266.er/archives/2911549570'
Copying `/opt/openmpi/1.6.5/sun/lib/openmpi/mca_mpool_fake.so'
  to `/zhome/14/2/64409/Courses/lsm/project/distributed_nmf/collect_dnmf_exec_2814266.er/archives/1343358488'
Copying `/opt/openmpi/1.6.5/sun/lib/openmpi/mca_mpool_rdma.so'
  to `/zhome/14/2/64409/Courses/lsm/project/distributed_nmf/collect_dnmf_exec_2814266.er/archives/3297095766'
Copying `/opt/openmpi/1.6.5/sun/lib/libmca_common_sm.so.3.0.1'
  to `/zhome/14/2/64409/Courses/lsm/project/distributed_nmf/collect_dnmf_exec_2814266.er/archives/2112789851'
Copying `/opt/openmpi/1.6.5/sun/lib/openmpi/mca_mpool_sm.so'
  to `/zhome/14/2/64409/Courses/lsm/project/distributed_nmf/collect_dnmf_exec_2814266.er/archives/281404674'
Copying `/opt/openmpi/1.6.5/sun/lib/openmpi/mca_pml_bfo.so'
  to `/zhome/14/2/64409/Courses/lsm/project/distributed_nmf/collect_dnmf_exec_2814266.er/archives/1574602048'
Copying `/opt/openmpi/1.6.5/sun/lib/openmpi/mca_pml_cm.so'
  to `/zhome/14/2/64409/Courses/lsm/project/distributed_nmf/collect_dnmf_exec_2814266.er/archives/15382505'
Copying `/opt/openmpi/1.6.5/sun/lib/openmpi/mca_pml_csum.so'
  to `/zhome/14/2/64409/Courses/lsm/project/distributed_nmf/collect_dnmf_exec_2814266.er/archives/885842173'
Copying `/opt/openmpi/1.6.5/sun/lib/openmpi/mca_pml_ob1.so'
  to `/zhome/14/2/64409/Courses/lsm/project/distributed_nmf/collect_dnmf_exec_2814266.er/archives/2179412712'
Copying `/opt/openmpi/1.6.5/sun/lib/openmpi/mca_bml_r2.so'
  to `/zhome/14/2/64409/Courses/lsm/project/distributed_nmf/collect_dnmf_exec_2814266.er/archives/1042052584'
Copying `/opt/openmpi/1.6.5/sun/lib/openmpi/mca_btl_ofud.so'
  to `/zhome/14/2/64409/Courses/lsm/project/distributed_nmf/collect_dnmf_exec_2814266.er/archives/1118206387'
Copying `/opt/openmpi/1.6.5/sun/lib/openmpi/mca_btl_tcp.so'
  to `/zhome/14/2/64409/Courses/lsm/project/distributed_nmf/collect_dnmf_exec_2814266.er/archives/1643563478'
Copying `/opt/openmpi/1.6.5/sun/lib/openmpi/mca_coll_inter.so'
  to `/zhome/14/2/64409/Courses/lsm/project/distributed_nmf/collect_dnmf_exec_2814266.er/archives/2856329181'
Copying `/opt/openmpi/1.6.5/sun/lib/openmpi/mca_osc_pt2pt.so'
  to `/zhome/14/2/64409/Courses/lsm/project/distributed_nmf/collect_dnmf_exec_2814266.er/archives/1330763004'
